
  .   ____          _            __ _ _
 /\\ / ___'_ __ _ _(_)_ __  __ _ \ \ \ \
( ( )\___ | '_ | '_| | '_ \/ _` | \ \ \ \
 \\/  ___)| |_)| | | | | || (_| |  ) ) ) )
  '  |____| .__|_| |_|_| |_\__, | / / / /
 =========|_|==============|___/=/_/_/_/
 :: Spring Boot ::                (v3.2.3)

2026-01-12T17:28:41.570-05:00  INFO 22344 --- [           main] c.e.P.ProyectIngSoftApplication          : Starting ProyectIngSoftApplication v0.0.1-SNAPSHOT using Java 17.0.16 with PID 22344 (C:\Users\USERS\Desktop\clon repo ds2\Proyect-ing-soft\target\Proyect-ing-soft-0.0.1-SNAPSHOT.jar started by USERS in C:\Users\USERS\Desktop\clon repo ds2\Proyect-ing-soft)
2026-01-12T17:28:41.583-05:00 DEBUG 22344 --- [           main] c.e.P.ProyectIngSoftApplication          : Running with Spring Boot v3.2.3, Spring v6.1.4
2026-01-12T17:28:41.586-05:00  INFO 22344 --- [           main] c.e.P.ProyectIngSoftApplication          : No active profile set, falling back to 1 default profile: "default"
2026-01-12T17:28:44.855-05:00  INFO 22344 --- [           main] .s.d.r.c.RepositoryConfigurationDelegate : Bootstrapping Spring Data JPA repositories in DEFAULT mode.
2026-01-12T17:28:45.019-05:00  INFO 22344 --- [           main] .s.d.r.c.RepositoryConfigurationDelegate : Finished Spring Data repository scanning in 135 ms. Found 9 JPA repository interfaces.
2026-01-12T17:28:46.971-05:00  INFO 22344 --- [           main] o.s.b.w.embedded.tomcat.TomcatWebServer  : Tomcat initialized with port 8080 (http)
2026-01-12T17:28:47.012-05:00  INFO 22344 --- [           main] o.apache.catalina.core.StandardService   : Starting service [Tomcat]
2026-01-12T17:28:47.014-05:00  INFO 22344 --- [           main] o.apache.catalina.core.StandardEngine    : Starting Servlet engine: [Apache Tomcat/10.1.19]
2026-01-12T17:28:47.133-05:00  INFO 22344 --- [           main] o.a.c.c.C.[Tomcat].[localhost].[/]       : Initializing Spring embedded WebApplicationContext
2026-01-12T17:28:47.138-05:00  INFO 22344 --- [           main] w.s.c.ServletWebServerApplicationContext : Root WebApplicationContext: initialization completed in 5325 ms
2026-01-12T17:28:47.848-05:00  INFO 22344 --- [           main] o.hibernate.jpa.internal.util.LogHelper  : HHH000204: Processing PersistenceUnitInfo [name: default]
2026-01-12T17:28:48.019-05:00  INFO 22344 --- [           main] org.hibernate.Version                    : HHH000412: Hibernate ORM core version 6.4.4.Final
2026-01-12T17:28:48.120-05:00  INFO 22344 --- [           main] o.h.c.internal.RegionFactoryInitiator    : HHH000026: Second-level cache disabled
2026-01-12T17:28:48.759-05:00  INFO 22344 --- [           main] o.s.o.j.p.SpringPersistenceUnitInfo      : No LoadTimeWeaver setup: ignoring JPA class transformer
2026-01-12T17:28:48.811-05:00  INFO 22344 --- [           main] com.zaxxer.hikari.HikariDataSource       : HikariPool-1 - Starting...
2026-01-12T17:28:49.082-05:00  INFO 22344 --- [           main] com.zaxxer.hikari.pool.HikariPool        : HikariPool-1 - Added connection com.mysql.cj.jdbc.ConnectionImpl@36511772
2026-01-12T17:28:49.091-05:00  INFO 22344 --- [           main] com.zaxxer.hikari.HikariDataSource       : HikariPool-1 - Start completed.
2026-01-12T17:28:49.164-05:00  WARN 22344 --- [           main] org.hibernate.orm.deprecation            : HHH90000025: MySQL8Dialect does not need to be specified explicitly using 'hibernate.dialect' (remove the property setting and it will be selected by default)
2026-01-12T17:28:49.168-05:00  WARN 22344 --- [           main] org.hibernate.orm.deprecation            : HHH90000026: MySQL8Dialect has been deprecated; use org.hibernate.dialect.MySQLDialect instead
2026-01-12T17:28:51.038-05:00  INFO 22344 --- [           main] o.h.e.t.j.p.i.JtaPlatformInitiator       : HHH000489: No JTA platform available (set 'hibernate.transaction.jta.platform' to enable JTA platform integration)
2026-01-12T17:28:51.304-05:00  INFO 22344 --- [           main] j.LocalContainerEntityManagerFactoryBean : Initialized JPA EntityManagerFactory for persistence unit 'default'
2026-01-12T17:28:52.397-05:00 DEBUG 22344 --- [           main] o.s.w.f.ServerHttpObservationFilter      : Filter 'webMvcObservationFilter' configured for use
2026-01-12T17:28:52.405-05:00 DEBUG 22344 --- [           main] c.e.P.security.jwt.AuthTokenFilter       : Filter 'authenticationJwtTokenFilter' configured for use
2026-01-12T17:28:52.946-05:00  INFO 22344 --- [           main] o.s.d.j.r.query.QueryEnhancerFactory     : Hibernate is in classpath; If applicable, HQL parser will be used.
2026-01-12T17:28:53.213-05:00  WARN 22344 --- [           main] JpaBaseConfiguration$JpaWebConfiguration : spring.jpa.open-in-view is enabled by default. Therefore, database queries may be performed during view rendering. Explicitly configure spring.jpa.open-in-view to disable this warning
2026-01-12T17:28:53.547-05:00  INFO 22344 --- [           main] o.s.s.web.DefaultSecurityFilterChain     : Will secure any request with [org.springframework.security.web.session.DisableEncodeUrlFilter@2e94655a, org.springframework.security.web.context.request.async.WebAsyncManagerIntegrationFilter@49868df8, org.springframework.security.web.context.SecurityContextHolderFilter@203b98cf, org.springframework.security.web.header.HeaderWriterFilter@699fe19f, org.springframework.web.filter.CorsFilter@1ccdbae4, org.springframework.security.web.authentication.logout.LogoutFilter@6a4c4261, com.example.Proyect_ing_soft.security.jwt.AuthTokenFilter@752e50c6, org.springframework.security.web.savedrequest.RequestCacheAwareFilter@59fa5a39, org.springframework.security.web.servletapi.SecurityContextHolderAwareRequestFilter@7a8dbbf1, org.springframework.security.web.authentication.AnonymousAuthenticationFilter@1d09fb8e, org.springframework.security.web.session.SessionManagementFilter@106e6dfe, org.springframework.security.web.access.ExceptionTranslationFilter@55fc6344, org.springframework.security.web.access.intercept.AuthorizationFilter@23ba2c1e]
2026-01-12T17:28:53.925-05:00 DEBUG 22344 --- [           main] s.w.s.m.m.a.RequestMappingHandlerMapping : 41 mappings in 'requestMappingHandlerMapping'
2026-01-12T17:28:54.200-05:00 DEBUG 22344 --- [           main] o.s.w.s.handler.SimpleUrlHandlerMapping  : Patterns [/webjars/**, /**] in 'resourceHandlerMapping'
2026-01-12T17:28:54.286-05:00 DEBUG 22344 --- [           main] s.w.s.m.m.a.RequestMappingHandlerAdapter : ControllerAdvice beans: 0 @ModelAttribute, 0 @InitBinder, 1 RequestBodyAdvice, 1 ResponseBodyAdvice
2026-01-12T17:28:54.366-05:00 DEBUG 22344 --- [           main] .m.m.a.ExceptionHandlerExceptionResolver : ControllerAdvice beans: 0 @ExceptionHandler, 1 ResponseBodyAdvice
2026-01-12T17:28:54.870-05:00  INFO 22344 --- [           main] o.s.b.a.e.web.EndpointLinksResolver      : Exposing 1 endpoint(s) beneath base path '/actuator'
2026-01-12T17:28:55.110-05:00  INFO 22344 --- [           main] o.s.b.w.embedded.tomcat.TomcatWebServer  : Tomcat started on port 8080 (http) with context path ''
2026-01-12T17:28:55.135-05:00  INFO 22344 --- [           main] c.e.P.ProyectIngSoftApplication          : Started ProyectIngSoftApplication in 14.73 seconds (process running for 15.738)
2026-01-12T17:28:56.953-05:00  INFO 22344 --- [nio-8080-exec-1] o.a.c.c.C.[Tomcat].[localhost].[/]       : Initializing Spring DispatcherServlet 'dispatcherServlet'
2026-01-12T17:28:56.953-05:00  INFO 22344 --- [nio-8080-exec-1] o.s.web.servlet.DispatcherServlet        : Initializing Servlet 'dispatcherServlet'
2026-01-12T17:28:56.953-05:00 DEBUG 22344 --- [nio-8080-exec-1] o.s.web.servlet.DispatcherServlet        : Detected StandardServletMultipartResolver
2026-01-12T17:28:56.953-05:00 DEBUG 22344 --- [nio-8080-exec-1] o.s.web.servlet.DispatcherServlet        : Detected AcceptHeaderLocaleResolver
2026-01-12T17:28:56.953-05:00 DEBUG 22344 --- [nio-8080-exec-1] o.s.web.servlet.DispatcherServlet        : Detected FixedThemeResolver
2026-01-12T17:28:56.955-05:00 DEBUG 22344 --- [nio-8080-exec-1] o.s.web.servlet.DispatcherServlet        : Detected org.springframework.web.servlet.view.DefaultRequestToViewNameTranslator@7fdaeb6b
2026-01-12T17:28:56.955-05:00 DEBUG 22344 --- [nio-8080-exec-1] o.s.web.servlet.DispatcherServlet        : Detected org.springframework.web.servlet.support.SessionFlashMapManager@22cbbe87
2026-01-12T17:28:56.955-05:00 DEBUG 22344 --- [nio-8080-exec-1] o.s.web.servlet.DispatcherServlet        : enableLoggingRequestDetails='false': request parameters and headers will be masked to prevent unsafe logging of potentially sensitive data
2026-01-12T17:28:56.955-05:00  INFO 22344 --- [nio-8080-exec-1] o.s.web.servlet.DispatcherServlet        : Completed initialization in 2 ms
Hibernate: select u1_0.id,u1_0.account_non_locked,u1_0.email,u1_0.password,u1_0.username,u1_0.verification_code from users u1_0 where u1_0.username=?
Hibernate: select r1_0.user_id,r1_1.id,r1_1.name from user_roles r1_0 join roles r1_1 on r1_1.id=r1_0.role_id where r1_0.user_id=?
2026-01-12T17:28:57.246-05:00 DEBUG 22344 --- [nio-8080-exec-1] o.s.web.servlet.DispatcherServlet        : GET "/api/documents/consultar-dni/74042849", parameters={}
2026-01-12T17:28:57.246-05:00 DEBUG 22344 --- [nio-8080-exec-1] s.w.s.m.m.a.RequestMappingHandlerMapping : Mapped to com.example.Proyect_ing_soft.controller.DocumentController#consultarDNI(String)
2026-01-12T17:28:57.273-05:00  INFO 22344 --- [nio-8080-exec-1] c.e.P.service.DocumentService            : Consultando DNI: 74042849
2026-01-12T17:28:57.368-05:00 DEBUG 22344 --- [nio-8080-exec-1] o.s.web.client.RestTemplate              : HTTP GET https://api.decolecta.com/v1/reniec/dni?numero=74042849
2026-01-12T17:28:57.378-05:00 DEBUG 22344 --- [nio-8080-exec-1] o.s.web.client.RestTemplate              : Accept=[text/plain, application/json, application/*+json, */*]
2026-01-12T17:28:57.913-05:00 DEBUG 22344 --- [nio-8080-exec-1] o.s.web.client.RestTemplate              : Response 200 OK
2026-01-12T17:28:57.933-05:00 DEBUG 22344 --- [nio-8080-exec-1] o.s.web.client.RestTemplate              : Reading to [java.lang.String] as "application/json"
2026-01-12T17:28:57.933-05:00  INFO 22344 --- [nio-8080-exec-1] c.e.P.service.DocumentService            : DNI consultado exitosamente: 74042849
2026-01-12T17:28:57.944-05:00 DEBUG 22344 --- [nio-8080-exec-1] o.s.w.s.m.m.a.HttpEntityMethodProcessor  : Using 'application/json', given [*/*] and supported [application/json, application/*+json]
2026-01-12T17:28:57.944-05:00 DEBUG 22344 --- [nio-8080-exec-1] o.s.w.s.m.m.a.HttpEntityMethodProcessor  : Writing [{apellidoMaterno=BENITES, nombres=JOEL MARCO, apellidoPaterno=OCAÑA}]
2026-01-12T17:28:57.961-05:00 DEBUG 22344 --- [nio-8080-exec-1] o.s.web.servlet.DispatcherServlet        : Completed 200 OK
